  DxApp.cpp
D:\SelfProject\DirectX12Remaster\Include\gainput\GainputContainers.h(322,1): warning C4267: '=': conversion from 'size_t' to 'T', possible loss of data
          with
          [
              T=gainput::uint32_t
          ]
D:\SelfProject\DirectX12Remaster\Include\gainput\GainputContainers.h(309): message : while compiling class template member function 'gainput::HashMap<gainput::DeviceId,bool>::Node *gainput::HashMap<gainput::DeviceId,bool>::insert(const K &,const V &)'
          with
          [
              K=gainput::DeviceId,
              V=bool
          ]
D:\SelfProject\DirectX12Remaster\Include\gainput\GainputContainers.h(356): message : see reference to function template instantiation 'gainput::HashMap<gainput::DeviceId,bool>::Node *gainput::HashMap<gainput::DeviceId,bool>::insert(const K &,const V &)' being compiled
          with
          [
              K=gainput::DeviceId,
              V=bool
          ]
D:\SelfProject\DirectX12Remaster\Include\gainput\recorder\GainputInputRecorder.h(64): message : see reference to class template instantiation 'gainput::HashMap<gainput::DeviceId,bool>' being compiled
D:\SelfProject\DirectX12Remaster\Include\gainput\GainputContainers.h(330,1): warning C4267: '=': conversion from 'size_t' to 'gainput::uint32_t', possible loss of data
  TexApp.cpp
D:\SelfProject\DirectX12Remaster\Include\gainput\GainputContainers.h(322,1): warning C4267: '=': conversion from 'size_t' to 'T', possible loss of data
          with
          [
              T=gainput::uint32_t
          ]
D:\SelfProject\DirectX12Remaster\Include\gainput\GainputContainers.h(309): message : while compiling class template member function 'gainput::HashMap<gainput::DeviceId,bool>::Node *gainput::HashMap<gainput::DeviceId,bool>::insert(const K &,const V &)'
          with
          [
              K=gainput::DeviceId,
              V=bool
          ]
D:\SelfProject\DirectX12Remaster\Include\gainput\GainputContainers.h(356): message : see reference to function template instantiation 'gainput::HashMap<gainput::DeviceId,bool>::Node *gainput::HashMap<gainput::DeviceId,bool>::insert(const K &,const V &)' being compiled
          with
          [
              K=gainput::DeviceId,
              V=bool
          ]
D:\SelfProject\DirectX12Remaster\Include\gainput\recorder\GainputInputRecorder.h(64): message : see reference to class template instantiation 'gainput::HashMap<gainput::DeviceId,bool>' being compiled
D:\SelfProject\DirectX12Remaster\Include\gainput\GainputContainers.h(330,1): warning C4267: '=': conversion from 'size_t' to 'gainput::uint32_t', possible loss of data
  main.cpp
D:\SelfProject\DirectX12Remaster\Include\gainput\GainputContainers.h(322,1): warning C4267: '=': conversion from 'size_t' to 'T', possible loss of data
          with
          [
              T=gainput::uint32_t
          ]
D:\SelfProject\DirectX12Remaster\Include\gainput\GainputContainers.h(309): message : while compiling class template member function 'gainput::HashMap<gainput::DeviceId,bool>::Node *gainput::HashMap<gainput::DeviceId,bool>::insert(const K &,const V &)'
          with
          [
              K=gainput::DeviceId,
              V=bool
          ]
D:\SelfProject\DirectX12Remaster\Include\gainput\GainputContainers.h(356): message : see reference to function template instantiation 'gainput::HashMap<gainput::DeviceId,bool>::Node *gainput::HashMap<gainput::DeviceId,bool>::insert(const K &,const V &)' being compiled
          with
          [
              K=gainput::DeviceId,
              V=bool
          ]
D:\SelfProject\DirectX12Remaster\Include\gainput\recorder\GainputInputRecorder.h(64): message : see reference to class template instantiation 'gainput::HashMap<gainput::DeviceId,bool>' being compiled
D:\SelfProject\DirectX12Remaster\Include\gainput\GainputContainers.h(330,1): warning C4267: '=': conversion from 'size_t' to 'gainput::uint32_t', possible loss of data
  Generating code
  Previous IPDB not found, fall back to full compilation.
  All 2487 functions were compiled because no usable IPDB/IOBJ from previous compilation was found.
  Finished generating code
  Direct_texture.vcxproj -> D:\SelfProject\DirectX12Remaster\Direct_texture\x64\Release\Direct_texture.exe
