d:\selfproject\directx12remaster\lightdemo\x64\release\vc142.pdb
d:\selfproject\directx12remaster\lightdemo\x64\release\program.obj
d:\selfproject\directx12remaster\lightdemo\x64\release\dxapp.obj
d:\selfproject\directx12remaster\lightdemo\x64\release\lightapp.obj
d:\selfproject\directx12remaster\lightdemo\x64\release\win32context.obj
d:\selfproject\directx12remaster\lightdemo\x64\release\shader.obj
d:\selfproject\directx12remaster\lightdemo\x64\release\scenemanager.obj
d:\selfproject\directx12remaster\lightdemo\x64\release\pipelinestatecreator.obj
d:\selfproject\directx12remaster\lightdemo\x64\release\dx12context.obj
d:\selfproject\directx12remaster\lightdemo\x64\release\mathhelper.obj
d:\selfproject\directx12remaster\lightdemo\x64\release\geometrygenerator.obj
d:\selfproject\directx12remaster\lightdemo\x64\release\gametimer.obj
d:\selfproject\directx12remaster\lightdemo\x64\release\frameresource.obj
d:\selfproject\directx12remaster\lightdemo\x64\release\ddstextureloader.obj
d:\selfproject\directx12remaster\lightdemo\x64\release\d3dutil.obj
d:\selfproject\directx12remaster\lightdemo\x64\release\camera.obj
d:\selfproject\directx12remaster\lightdemo\x64\release\lightdemo.ipdb
d:\selfproject\directx12remaster\lightdemo\x64\release\lightdemo.iobj
d:\selfproject\directx12remaster\lightdemo\x64\release\lightdemo.exe
d:\selfproject\directx12remaster\lightdemo\x64\release\lightdemo.pdb
d:\selfproject\directx12remaster\lightdemo\x64\release\lightdemo.tlog\cl.command.1.tlog
d:\selfproject\directx12remaster\lightdemo\x64\release\lightdemo.tlog\cl.read.1.tlog
d:\selfproject\directx12remaster\lightdemo\x64\release\lightdemo.tlog\cl.write.1.tlog
d:\selfproject\directx12remaster\lightdemo\x64\release\lightdemo.tlog\lightdemo.write.1u.tlog
d:\selfproject\directx12remaster\lightdemo\x64\release\lightdemo.tlog\link.command.1.tlog
d:\selfproject\directx12remaster\lightdemo\x64\release\lightdemo.tlog\link.read.1.tlog
d:\selfproject\directx12remaster\lightdemo\x64\release\lightdemo.tlog\link.write.1.tlog
